Added Component: Designator=C1(0402)
Added Component: Designator=C2(0402)
Added Component: Designator=C3(0402)
Added Component: Designator=C4(0402)
Added Component: Designator=C5(0402)
Added Component: Designator=C6(0402)
Added Component: Designator=C7(0402)
Added Component: Designator=C8(0402)
Added Component: Designator=C9(0402)
Added Component: Designator=C10(0402)
Added Component: Designator=C11(0402)
Added Component: Designator=C12(0402)
Added Component: Designator=C13(0402)
Added Component: Designator=C14(0402)
Added Component: Designator=C15(0402)
Added Component: Designator=C16(0402)
Added Component: Designator=C17(0402)
Added Component: Designator=C18(0402)
Added Component: Designator=C19(0402)
Added Component: Designator=C20(0402)
Added Component: Designator=C21(0402)
Added Component: Designator=C22(0402)
Added Component: Designator=C23(0402)
Added Component: Designator=C24(0402)
Added Component: Designator=C25(0402)
Added Component: Designator=C26(0402)
Added Component: Designator=C27(0402)
Added Component: Designator=C28(0402)
Added Component: Designator=C29(0402)
Added Component: Designator=C30(0402)
Added Component: Designator=C31(0402)
Added Component: Designator=C32(0402)
Added Component: Designator=C33(0402)
Added Component: Designator=C34(0402)
Added Component: Designator=C35(0402)
Added Component: Designator=C36(0402)
Added Component: Designator=C37(0402)
Added Component: Designator=C38(0402)
Added Component: Designator=C39(0402)
Added Component: Designator=D1(0402)
Added Component: Designator=D2(0402)
Added Component: Designator=E1(ANT-2.45-CHP-B)
Added Component: Designator=J1(Molex 0529910308)
Added Component: Designator=J2(WM4459CT-ND)
Added Component: Designator=J3(Molex 0529910308)
Added Component: Designator=L1(0402)
Added Component: Designator=L2(0402)
Added Component: Designator=L3(0402)
Added Component: Designator=P1(HDR1X6)
Added Component: Designator=R1(0402)
Added Component: Designator=R2(0402)
Added Component: Designator=R3(0402)
Added Component: Designator=R4(0402)
Added Component: Designator=R5(0402)
Added Component: Designator=R6(0402)
Added Component: Designator=R7(0402)
Added Component: Designator=R8(0402)
Added Component: Designator=R9(0402)
Added Component: Designator=R10(0402)
Added Component: Designator=R11(0402)
Added Component: Designator=S1(CUS-12B)
Added Component: Designator=U2(64TQFP)
Added Component: Designator=U3(Component_nRF)
Added Component: Designator=U4(8Y-16.000MAAV-T)
Added Component: Designator=U5(PCBComponent_1)
Added Component: Designator=U6(TSOP-5ll)
Added Component: Designator=U7(TSOP-5ll)
Added Component: Designator=U?(80-LQFP)
Added Pin To Net: NetName=5V Pin=C4-1
Added Pin To Net: NetName=5V Pin=J1-11
Added Pin To Net: NetName=5V Pin=J3-11
Added Pin To Net: NetName=5V Pin=U?-65
Added Net: Name=5V
Added Pin To Net: NetName=AGND Pin=C7-1
Added Pin To Net: NetName=AGND Pin=C8-1
Added Pin To Net: NetName=AGND Pin=C10-2
Added Pin To Net: NetName=AGND Pin=C11-1
Added Pin To Net: NetName=AGND Pin=C12-1
Added Pin To Net: NetName=AGND Pin=C13-2
Added Pin To Net: NetName=AGND Pin=C14-2
Added Pin To Net: NetName=AGND Pin=C15-2
Added Pin To Net: NetName=AGND Pin=C16-2
Added Pin To Net: NetName=AGND Pin=C17-2
Added Pin To Net: NetName=AGND Pin=C35-1
Added Pin To Net: NetName=AGND Pin=C36-1
Added Pin To Net: NetName=AGND Pin=C37-1
Added Pin To Net: NetName=AGND Pin=C38-1
Added Pin To Net: NetName=AGND Pin=C39-1
Added Pin To Net: NetName=AGND Pin=P1-4
Added Pin To Net: NetName=AGND Pin=U2-20
Added Pin To Net: NetName=AGND Pin=U2-23
Added Pin To Net: NetName=AGND Pin=U2-25
Added Pin To Net: NetName=AGND Pin=U2-32
Added Pin To Net: NetName=AGND Pin=U2-53
Added Pin To Net: NetName=AGND Pin=U2-57
Added Pin To Net: NetName=AGND Pin=U2-58
Added Pin To Net: NetName=AGND Pin=U7-2
Added Net: Name=AGND
Added Pin To Net: NetName=AVDD Pin=C7-2
Added Pin To Net: NetName=AVDD Pin=C8-2
Added Pin To Net: NetName=AVDD Pin=C36-2
Added Pin To Net: NetName=AVDD Pin=C37-2
Added Pin To Net: NetName=AVDD Pin=C38-2
Added Pin To Net: NetName=AVDD Pin=C39-2
Added Pin To Net: NetName=AVDD Pin=P1-3
Added Pin To Net: NetName=AVDD Pin=U2-17
Added Pin To Net: NetName=AVDD Pin=U2-18
Added Pin To Net: NetName=AVDD Pin=U2-19
Added Pin To Net: NetName=AVDD Pin=U2-21
Added Pin To Net: NetName=AVDD Pin=U2-22
Added Pin To Net: NetName=AVDD Pin=U2-54
Added Pin To Net: NetName=AVDD Pin=U2-56
Added Pin To Net: NetName=AVDD Pin=U2-59
Added Pin To Net: NetName=AVDD Pin=U7-5
Added Net: Name=AVDD
Added Pin To Net: NetName=BAT_LEVEL Pin=R3-1
Added Pin To Net: NetName=BAT_LEVEL Pin=R4-2
Added Pin To Net: NetName=BAT_LEVEL Pin=U?-4
Added Net: Name=BAT_LEVEL
Added Pin To Net: NetName=CLK_AFE Pin=P1-5
Added Pin To Net: NetName=CLK_AFE Pin=U2-37
Added Net: Name=CLK_AFE
Added Pin To Net: NetName=GND Pin=C1-2
Added Pin To Net: NetName=GND Pin=C2-2
Added Pin To Net: NetName=GND Pin=C3-2
Added Pin To Net: NetName=GND Pin=C4-2
Added Pin To Net: NetName=GND Pin=C5-1
Added Pin To Net: NetName=GND Pin=C6-1
Added Pin To Net: NetName=GND Pin=C18-1
Added Pin To Net: NetName=GND Pin=C19-1
Added Pin To Net: NetName=GND Pin=C20-1
Added Pin To Net: NetName=GND Pin=C21-1
Added Pin To Net: NetName=GND Pin=C22-1
Added Pin To Net: NetName=GND Pin=C23-1
Added Pin To Net: NetName=GND Pin=C24-1
Added Pin To Net: NetName=GND Pin=C25-1
Added Pin To Net: NetName=GND Pin=C27-2
Added Pin To Net: NetName=GND Pin=C29-1
Added Pin To Net: NetName=GND Pin=C30-1
Added Pin To Net: NetName=GND Pin=C31-1
Added Pin To Net: NetName=GND Pin=C32-1
Added Pin To Net: NetName=GND Pin=C33-1
Added Pin To Net: NetName=GND Pin=C34-1
Added Pin To Net: NetName=GND Pin=J1-13
Added Pin To Net: NetName=GND Pin=J2-2
Added Pin To Net: NetName=GND Pin=J3-13
Added Pin To Net: NetName=GND Pin=P1-2
Added Pin To Net: NetName=GND Pin=R2-2
Added Pin To Net: NetName=GND Pin=R4-1
Added Pin To Net: NetName=GND Pin=R5-2
Added Pin To Net: NetName=GND Pin=R9-1
Added Pin To Net: NetName=GND Pin=R11-2
Added Pin To Net: NetName=GND Pin=S1-3
Added Pin To Net: NetName=GND Pin=U2-31
Added Pin To Net: NetName=GND Pin=U2-33
Added Pin To Net: NetName=GND Pin=U2-41
Added Pin To Net: NetName=GND Pin=U2-42
Added Pin To Net: NetName=GND Pin=U2-44
Added Pin To Net: NetName=GND Pin=U2-45
Added Pin To Net: NetName=GND Pin=U2-46
Added Pin To Net: NetName=GND Pin=U2-49
Added Pin To Net: NetName=GND Pin=U2-51
Added Pin To Net: NetName=GND Pin=U3-8
Added Pin To Net: NetName=GND Pin=U3-14
Added Pin To Net: NetName=GND Pin=U3-17
Added Pin To Net: NetName=GND Pin=U3-20
Added Pin To Net: NetName=GND Pin=U4-2
Added Pin To Net: NetName=GND Pin=U4-4
Added Pin To Net: NetName=GND Pin=U5-2
Added Pin To Net: NetName=GND Pin=U5-3
Added Pin To Net: NetName=GND Pin=U5-4
Added Pin To Net: NetName=GND Pin=U5-5
Added Pin To Net: NetName=GND Pin=U5-6
Added Pin To Net: NetName=GND Pin=U6-2
Added Pin To Net: NetName=GND Pin=U?-14
Added Pin To Net: NetName=GND Pin=U?-19
Added Pin To Net: NetName=GND Pin=U?-49
Added Pin To Net: NetName=GND Pin=U?-61
Added Pin To Net: NetName=GND Pin=U?-68
Added Net: Name=GND
Added Pin To Net: NetName=GRN_LED Pin=D1-1
Added Pin To Net: NetName=GRN_LED Pin=U?-53
Added Net: Name=GRN_LED
Added Pin To Net: NetName=IN1N Pin=J1-4
Added Pin To Net: NetName=IN1N Pin=J3-4
Added Pin To Net: NetName=IN1N Pin=U2-15
Added Net: Name=IN1N
Added Pin To Net: NetName=IN1P Pin=J1-2
Added Pin To Net: NetName=IN1P Pin=J3-2
Added Pin To Net: NetName=IN1P Pin=U2-16
Added Net: Name=IN1P
Added Pin To Net: NetName=IN2N Pin=J1-8
Added Pin To Net: NetName=IN2N Pin=J3-8
Added Pin To Net: NetName=IN2N Pin=U2-13
Added Net: Name=IN2N
Added Pin To Net: NetName=IN2P Pin=J1-6
Added Pin To Net: NetName=IN2P Pin=J3-6
Added Pin To Net: NetName=IN2P Pin=U2-14
Added Net: Name=IN2P
Added Pin To Net: NetName=IN3N Pin=J1-12
Added Pin To Net: NetName=IN3N Pin=J3-12
Added Pin To Net: NetName=IN3N Pin=U2-11
Added Net: Name=IN3N
Added Pin To Net: NetName=IN3P Pin=J1-10
Added Pin To Net: NetName=IN3P Pin=J3-10
Added Pin To Net: NetName=IN3P Pin=U2-12
Added Net: Name=IN3P
Added Pin To Net: NetName=IN4N Pin=J1-16
Added Pin To Net: NetName=IN4N Pin=J3-16
Added Pin To Net: NetName=IN4N Pin=U2-9
Added Net: Name=IN4N
Added Pin To Net: NetName=IN4P Pin=J1-14
Added Pin To Net: NetName=IN4P Pin=J3-14
Added Pin To Net: NetName=IN4P Pin=U2-10
Added Net: Name=IN4P
Added Pin To Net: NetName=IN5N Pin=J1-20
Added Pin To Net: NetName=IN5N Pin=J3-20
Added Pin To Net: NetName=IN5N Pin=U2-7
Added Net: Name=IN5N
Added Pin To Net: NetName=IN5P Pin=J1-18
Added Pin To Net: NetName=IN5P Pin=J3-18
Added Pin To Net: NetName=IN5P Pin=U2-8
Added Net: Name=IN5P
Added Pin To Net: NetName=IN6N Pin=J1-24
Added Pin To Net: NetName=IN6N Pin=J3-24
Added Pin To Net: NetName=IN6N Pin=U2-5
Added Net: Name=IN6N
Added Pin To Net: NetName=IN6P Pin=J1-22
Added Pin To Net: NetName=IN6P Pin=J3-22
Added Pin To Net: NetName=IN6P Pin=U2-6
Added Net: Name=IN6P
Added Pin To Net: NetName=IN7N Pin=J1-28
Added Pin To Net: NetName=IN7N Pin=J3-28
Added Pin To Net: NetName=IN7N Pin=U2-3
Added Net: Name=IN7N
Added Pin To Net: NetName=IN7P Pin=J1-26
Added Pin To Net: NetName=IN7P Pin=J3-26
Added Pin To Net: NetName=IN7P Pin=U2-4
Added Net: Name=IN7P
Added Pin To Net: NetName=IN8N Pin=J1-29
Added Pin To Net: NetName=IN8N Pin=J3-29
Added Pin To Net: NetName=IN8N Pin=U2-1
Added Net: Name=IN8N
Added Pin To Net: NetName=IN8P Pin=J1-30
Added Pin To Net: NetName=IN8P Pin=J3-30
Added Pin To Net: NetName=IN8P Pin=U2-2
Added Net: Name=IN8P
Added Pin To Net: NetName=MCLK_DEBUG Pin=J1-15
Added Pin To Net: NetName=MCLK_DEBUG Pin=J3-15
Added Pin To Net: NetName=MCLK_DEBUG Pin=U?-60
Added Net: Name=MCLK_DEBUG
Added Pin To Net: NetName=NetC3_1 Pin=C3-1
Added Pin To Net: NetName=NetC3_1 Pin=U?-20
Added Net: Name=NetC3_1
Added Pin To Net: NetName=NetC5_2 Pin=C5-2
Added Pin To Net: NetName=NetC5_2 Pin=U?-67
Added Net: Name=NetC5_2
Added Pin To Net: NetName=NetC6_2 Pin=C6-2
Added Pin To Net: NetName=NetC6_2 Pin=U?-66
Added Net: Name=NetC6_2
Added Pin To Net: NetName=NetC9_1 Pin=C9-1
Added Pin To Net: NetName=NetC9_1 Pin=R7-2
Added Pin To Net: NetName=NetC9_1 Pin=U2-61
Added Net: Name=NetC9_1
Added Pin To Net: NetName=NetC9_2 Pin=C9-2
Added Pin To Net: NetName=NetC9_2 Pin=R6-1
Added Pin To Net: NetName=NetC9_2 Pin=R7-1
Added Pin To Net: NetName=NetC9_2 Pin=R8-2
Added Pin To Net: NetName=NetC9_2 Pin=U2-63
Added Net: Name=NetC9_2
Added Pin To Net: NetName=NetC10_1 Pin=C10-1
Added Pin To Net: NetName=NetC10_1 Pin=U2-64
Added Net: Name=NetC10_1
Added Pin To Net: NetName=NetC13_1 Pin=C13-1
Added Pin To Net: NetName=NetC13_1 Pin=U2-26
Added Net: Name=NetC13_1
Added Pin To Net: NetName=NetC14_1 Pin=C14-1
Added Pin To Net: NetName=NetC14_1 Pin=C15-1
Added Pin To Net: NetName=NetC14_1 Pin=U2-55
Added Net: Name=NetC14_1
Added Pin To Net: NetName=NetC16_1 Pin=C16-1
Added Pin To Net: NetName=NetC16_1 Pin=U2-30
Added Net: Name=NetC16_1
Added Pin To Net: NetName=NetC17_1 Pin=C17-1
Added Pin To Net: NetName=NetC17_1 Pin=U2-28
Added Net: Name=NetC17_1
Added Pin To Net: NetName=NetC21_2 Pin=C21-2
Added Pin To Net: NetName=NetC21_2 Pin=U3-19
Added Net: Name=NetC21_2
Added Pin To Net: NetName=NetC22_2 Pin=C22-2
Added Pin To Net: NetName=NetC22_2 Pin=R10-2
Added Pin To Net: NetName=NetC22_2 Pin=U3-9
Added Pin To Net: NetName=NetC22_2 Pin=U4-3
Added Net: Name=NetC22_2
Added Pin To Net: NetName=NetC23_2 Pin=C23-2
Added Pin To Net: NetName=NetC23_2 Pin=R10-1
Added Pin To Net: NetName=NetC23_2 Pin=U3-10
Added Pin To Net: NetName=NetC23_2 Pin=U4-1
Added Net: Name=NetC23_2
Added Pin To Net: NetName=NetC24_2 Pin=C24-2
Added Pin To Net: NetName=NetC24_2 Pin=C25-2
Added Pin To Net: NetName=NetC24_2 Pin=L3-2
Added Pin To Net: NetName=NetC24_2 Pin=U3-11
Added Net: Name=NetC24_2
Added Pin To Net: NetName=NetC26_1 Pin=C26-1
Added Pin To Net: NetName=NetC26_1 Pin=C27-1
Added Pin To Net: NetName=NetC26_1 Pin=E1-1
Added Net: Name=NetC26_1
Added Pin To Net: NetName=NetC26_2 Pin=C26-2
Added Pin To Net: NetName=NetC26_2 Pin=L1-2
Added Net: Name=NetC26_2
Added Pin To Net: NetName=NetC28_1 Pin=C28-1
Added Pin To Net: NetName=NetC28_1 Pin=U5-9
Added Net: Name=NetC28_1
Added Pin To Net: NetName=NetC28_2 Pin=C28-2
Added Pin To Net: NetName=NetC28_2 Pin=U5-8
Added Net: Name=NetC28_2
Added Pin To Net: NetName=NetC29_2 Pin=C29-2
Added Pin To Net: NetName=NetC29_2 Pin=U5-7
Added Net: Name=NetC29_2
Added Pin To Net: NetName=NetC30_2 Pin=C30-2
Added Pin To Net: NetName=NetC30_2 Pin=C35-2
Added Pin To Net: NetName=NetC30_2 Pin=S1-2
Added Pin To Net: NetName=NetC30_2 Pin=U6-1
Added Pin To Net: NetName=NetC30_2 Pin=U6-3
Added Pin To Net: NetName=NetC30_2 Pin=U7-1
Added Pin To Net: NetName=NetC30_2 Pin=U7-3
Added Net: Name=NetC30_2
Added Pin To Net: NetName=NetD1_2 Pin=D1-2
Added Pin To Net: NetName=NetD1_2 Pin=R5-1
Added Net: Name=NetD1_2
Added Pin To Net: NetName=NetD2_2 Pin=D2-2
Added Pin To Net: NetName=NetD2_2 Pin=R11-1
Added Net: Name=NetD2_2
Added Pin To Net: NetName=NetL1_1 Pin=L1-1
Added Pin To Net: NetName=NetL1_1 Pin=L2-2
Added Pin To Net: NetName=NetL1_1 Pin=U3-13
Added Net: Name=NetL1_1
Added Pin To Net: NetName=NetL2_1 Pin=L2-1
Added Pin To Net: NetName=NetL2_1 Pin=L3-1
Added Pin To Net: NetName=NetL2_1 Pin=U3-12
Added Net: Name=NetL2_1
Added Pin To Net: NetName=NetR1_1 Pin=R1-1
Added Pin To Net: NetName=NetR1_1 Pin=R2-1
Added Pin To Net: NetName=NetR1_1 Pin=U?-63
Added Net: Name=NetR1_1
Added Pin To Net: NetName=NetR1_2 Pin=R1-2
Added Pin To Net: NetName=NetR1_2 Pin=U?-62
Added Net: Name=NetR1_2
Added Pin To Net: NetName=NetR8_1 Pin=R8-1
Added Pin To Net: NetName=NetR8_1 Pin=U2-62
Added Net: Name=NetR8_1
Added Pin To Net: NetName=NetR9_2 Pin=R9-2
Added Pin To Net: NetName=NetR9_2 Pin=U3-16
Added Net: Name=NetR9_2
Added Pin To Net: NetName=NetU2_34 Pin=U2-34
Added Pin To Net: NetName=NetU2_34 Pin=U?-46
Added Net: Name=NetU2_34
Added Pin To Net: NetName=NetU2_35 Pin=U2-35
Added Net: Name=NetU2_35
Added Pin To Net: NetName=NetU2_36 Pin=U2-36
Added Pin To Net: NetName=NetU2_36 Pin=U?-30
Added Net: Name=NetU2_36
Added Pin To Net: NetName=NetU2_38 Pin=U2-38
Added Pin To Net: NetName=NetU2_38 Pin=U?-25
Added Net: Name=NetU2_38
Added Pin To Net: NetName=NetU2_39 Pin=U2-39
Added Pin To Net: NetName=NetU2_39 Pin=U?-23
Added Net: Name=NetU2_39
Added Pin To Net: NetName=NetU2_40 Pin=U2-40
Added Pin To Net: NetName=NetU2_40 Pin=U?-48
Added Net: Name=NetU2_40
Added Pin To Net: NetName=NetU2_43 Pin=U2-43
Added Pin To Net: NetName=NetU2_43 Pin=U?-47
Added Net: Name=NetU2_43
Added Pin To Net: NetName=NetU2_47 Pin=U2-47
Added Pin To Net: NetName=NetU2_47 Pin=U?-22
Added Net: Name=NetU2_47
Added Pin To Net: NetName=NetU2_52 Pin=U2-52
Added Pin To Net: NetName=NetU2_52 Pin=U?-28
Added Net: Name=NetU2_52
Added Pin To Net: NetName=NetU3_1 Pin=U3-1
Added Pin To Net: NetName=NetU3_1 Pin=U?-33
Added Net: Name=NetU3_1
Added Pin To Net: NetName=NetU3_2 Pin=U3-2
Added Pin To Net: NetName=NetU3_2 Pin=U?-34
Added Net: Name=NetU3_2
Added Pin To Net: NetName=NetU3_3 Pin=U3-3
Added Pin To Net: NetName=NetU3_3 Pin=U?-36
Added Net: Name=NetU3_3
Added Pin To Net: NetName=NetU3_4 Pin=U3-4
Added Pin To Net: NetName=NetU3_4 Pin=U?-40
Added Net: Name=NetU3_4
Added Pin To Net: NetName=NetU3_5 Pin=U3-5
Added Pin To Net: NetName=NetU3_5 Pin=U?-41
Added Net: Name=NetU3_5
Added Pin To Net: NetName=NetU3_6 Pin=U3-6
Added Pin To Net: NetName=NetU3_6 Pin=U?-32
Added Net: Name=NetU3_6
Added Pin To Net: NetName=NetU5_11 Pin=U5-11
Added Pin To Net: NetName=NetU5_11 Pin=U?-70
Added Net: Name=NetU5_11
Added Pin To Net: NetName=NetU5_12 Pin=U5-12
Added Pin To Net: NetName=NetU5_12 Pin=U?-69
Added Net: Name=NetU5_12
Added Pin To Net: NetName=NetU5_13 Pin=U5-13
Added Pin To Net: NetName=NetU5_13 Pin=U?-10
Added Net: Name=NetU5_13
Added Pin To Net: NetName=NetU5_14 Pin=U5-14
Added Pin To Net: NetName=NetU5_14 Pin=U?-9
Added Net: Name=NetU5_14
Added Pin To Net: NetName=NetU5_19 Pin=U5-19
Added Pin To Net: NetName=NetU5_19 Pin=U?-24
Added Net: Name=NetU5_19
Added Pin To Net: NetName=NetU5_20 Pin=U5-20
Added Pin To Net: NetName=NetU5_20 Pin=U?-27
Added Net: Name=NetU5_20
Added Pin To Net: NetName=NetU5_21 Pin=U5-21
Added Pin To Net: NetName=NetU5_21 Pin=U?-39
Added Net: Name=NetU5_21
Added Pin To Net: NetName=NetU5_22 Pin=U5-22
Added Pin To Net: NetName=NetU5_22 Pin=U5-23
Added Pin To Net: NetName=NetU5_22 Pin=U?-38
Added Net: Name=NetU5_22
Added Pin To Net: NetName=NetU5_24 Pin=U5-24
Added Pin To Net: NetName=NetU5_24 Pin=U?-37
Added Net: Name=NetU5_24
Added Pin To Net: NetName=NetU?_26 Pin=U?-26
Added Net: Name=NetU?_26
Added Pin To Net: NetName=RLD Pin=J1-27
Added Pin To Net: NetName=RLD Pin=J3-27
Added Pin To Net: NetName=RLD Pin=R6-2
Added Net: Name=RLD
Added Pin To Net: NetName=RST Pin=J1-3
Added Pin To Net: NetName=RST Pin=J3-3
Added Pin To Net: NetName=RST Pin=U?-76
Added Net: Name=RST
Added Pin To Net: NetName=RXD Pin=J1-7
Added Pin To Net: NetName=RXD Pin=J3-7
Added Pin To Net: NetName=RXD Pin=U?-52
Added Net: Name=RXD
Added Pin To Net: NetName=TEST Pin=J1-1
Added Pin To Net: NetName=TEST Pin=J3-1
Added Pin To Net: NetName=TEST Pin=U?-71
Added Net: Name=TEST
Added Pin To Net: NetName=TXD Pin=J1-5
Added Pin To Net: NetName=TXD Pin=J3-5
Added Pin To Net: NetName=TXD Pin=U?-51
Added Net: Name=TXD
Added Pin To Net: NetName=VBAT Pin=J1-17
Added Pin To Net: NetName=VBAT Pin=J2-1
Added Pin To Net: NetName=VBAT Pin=J3-17
Added Pin To Net: NetName=VBAT Pin=R3-2
Added Pin To Net: NetName=VBAT Pin=S1-1
Added Net: Name=VBAT
Added Pin To Net: NetName=VDD Pin=C1-1
Added Pin To Net: NetName=VDD Pin=C2-1
Added Pin To Net: NetName=VDD Pin=C18-2
Added Pin To Net: NetName=VDD Pin=C19-2
Added Pin To Net: NetName=VDD Pin=C20-2
Added Pin To Net: NetName=VDD Pin=C31-2
Added Pin To Net: NetName=VDD Pin=C32-2
Added Pin To Net: NetName=VDD Pin=C33-2
Added Pin To Net: NetName=VDD Pin=C34-2
Added Pin To Net: NetName=VDD Pin=D2-1
Added Pin To Net: NetName=VDD Pin=J1-9
Added Pin To Net: NetName=VDD Pin=J3-9
Added Pin To Net: NetName=VDD Pin=P1-1
Added Pin To Net: NetName=VDD Pin=U2-48
Added Pin To Net: NetName=VDD Pin=U2-50
Added Pin To Net: NetName=VDD Pin=U3-7
Added Pin To Net: NetName=VDD Pin=U3-15
Added Pin To Net: NetName=VDD Pin=U3-18
Added Pin To Net: NetName=VDD Pin=U5-15
Added Pin To Net: NetName=VDD Pin=U5-16
Added Pin To Net: NetName=VDD Pin=U5-17
Added Pin To Net: NetName=VDD Pin=U5-18
Added Pin To Net: NetName=VDD Pin=U6-5
Added Pin To Net: NetName=VDD Pin=U?-11
Added Pin To Net: NetName=VDD Pin=U?-18
Added Pin To Net: NetName=VDD Pin=U?-50
Added Net: Name=VDD
Added Pin To Net: NetName=VREF_ADC Pin=C11-2
Added Pin To Net: NetName=VREF_ADC Pin=C12-2
Added Pin To Net: NetName=VREF_ADC Pin=P1-6
Added Pin To Net: NetName=VREF_ADC Pin=U2-24
Added Net: Name=VREF_ADC
Added Class: Name=AFE_ADS1298
Added Class: Name=Connector_Receptacle
Added Class: Name=LSM9DS0
Added Class: Name=MCU_MSP430F5529IPN
Added Class: Name=nRF24L01
Added Class: Name=PMU
Added Room: Name=AFE_ADS1298
Added Room: Name=Connector_Receptacle
Added Room: Name=LSM9DS0
Added Room: Name=MCU_MSP430F5529IPN
Added Room: Name=nRF24L01
Added Room: Name=PMU
