Removed Pin From Net: NetName=TEST Pin=J3-1
Removed Pin From Net: NetName=IN1P Pin=J3-2
Removed Pin From Net: NetName=RST Pin=J3-3
Removed Pin From Net: NetName=IN1N Pin=J3-4
Removed Pin From Net: NetName=TXD Pin=J3-5
Removed Pin From Net: NetName=IN2P Pin=J3-6
Removed Pin From Net: NetName=RXD Pin=J3-7
Removed Pin From Net: NetName=IN2N Pin=J3-8
Removed Pin From Net: NetName=VDD Pin=J3-9
Removed Pin From Net: NetName=IN3P Pin=J3-10
Removed Pin From Net: NetName=5V Pin=J3-11
Removed Pin From Net: NetName=IN3N Pin=J3-12
Removed Pin From Net: NetName=GND Pin=J3-13
Removed Pin From Net: NetName=IN4P Pin=J3-14
Removed Pin From Net: NetName=MCLK_DEBUG Pin=J3-15
Removed Pin From Net: NetName=IN4N Pin=J3-16
Removed Pin From Net: NetName=VBAT Pin=J3-17
Removed Pin From Net: NetName=IN5P Pin=J3-18
Removed Pin From Net: NetName=IN5N Pin=J3-20
Removed Pin From Net: NetName=IN6P Pin=J3-22
Removed Pin From Net: NetName=IN6N Pin=J3-24
Removed Pin From Net: NetName=IN7P Pin=J3-26
Removed Pin From Net: NetName=RLD Pin=J3-27
Removed Pin From Net: NetName=IN7N Pin=J3-28
Removed Pin From Net: NetName=IN8N Pin=J3-29
Removed Pin From Net: NetName=IN8P Pin=J3-30
Added Pin To Net: NetName=IN1P Pin=J3-1
Added Pin To Net: NetName=TEST Pin=J3-2
Added Pin To Net: NetName=IN1N Pin=J3-3
Added Pin To Net: NetName=RST Pin=J3-4
Added Pin To Net: NetName=IN2P Pin=J3-5
Added Pin To Net: NetName=TXD Pin=J3-6
Added Pin To Net: NetName=IN2N Pin=J3-7
Added Pin To Net: NetName=RXD Pin=J3-8
Added Pin To Net: NetName=IN3P Pin=J3-9
Added Pin To Net: NetName=VDD Pin=J3-10
Added Pin To Net: NetName=IN3N Pin=J3-11
Added Pin To Net: NetName=5V Pin=J3-12
Added Pin To Net: NetName=IN4P Pin=J3-13
Added Pin To Net: NetName=GND Pin=J3-14
Added Pin To Net: NetName=IN4N Pin=J3-15
Added Pin To Net: NetName=MCLK_DEBUG Pin=J3-16
Added Pin To Net: NetName=IN5P Pin=J3-17
Added Pin To Net: NetName=VBAT Pin=J3-18
Added Pin To Net: NetName=IN5N Pin=J3-19
Added Pin To Net: NetName=IN6P Pin=J3-21
Added Pin To Net: NetName=IN6N Pin=J3-23
Added Pin To Net: NetName=IN7P Pin=J3-25
Added Pin To Net: NetName=IN7N Pin=J3-27
Added Pin To Net: NetName=RLD Pin=J3-28
Added Pin To Net: NetName=IN8P Pin=J3-29
Added Pin To Net: NetName=IN8N Pin=J3-30
